[
{"target": -1630823149.0, "params": {"epsilon": 85.70596750304769, "k": 1.3866264120324532, "temp": 0.02367683965137679}, "datetime": {"datetime": "2025-03-23 13:26:16", "elapsed": 0.0, "delta": 0.0}}
,{"target": -1178163732.0, "params": {"epsilon": 51.04711203957579, "k": 1.923349132814321, "temp": 0.3291950397589768}, "datetime": {"datetime": "2025-03-23 13:26:58", "elapsed": 0.0, "delta": 0.0}}
,{"target": -100896735996.0, "params": {"epsilon": 56.94803208264804, "k": 2.6532957589124395, "temp": 2.79836439901331}, "datetime": {"datetime": "2025-03-23 13:30:03", "elapsed": 227.083741, "delta": 227.083741}}
,{"target": -79664503220.0, "params": {"epsilon": 78.92634513837545, "k": 2.6098201605128883, "temp": 2.5179558511182933}, "datetime": {"datetime": "2025-03-23 13:30:43", "elapsed": 224.28354, "delta": 224.28354}}
,{"target": -150787533178.0, "params": {"epsilon": 74.43677606621677, "k": 1.0013766307847052, "temp": 2.533689617658469}, "datetime": {"datetime": "2025-03-23 13:35:44", "elapsed": 526.065288, "delta": 301.781748}}
,{"target": -901319426.0, "params": {"epsilon": 59.54176731669321, "k": 2.5738621482866426, "temp": 1.6150167494125993}, "datetime": {"datetime": "2025-03-23 13:39:15", "elapsed": 778.900901, "delta": 551.81716}}
,{"target": -51161025451.0, "params": {"epsilon": 52.74406676110519, "k": 2.048189604762757, "temp": 2.2214732882997836}, "datetime": {"datetime": "2025-03-23 13:39:35", "elapsed": 756.900871, "delta": 230.835583}}
,{"target": -20814063.0, "params": {"epsilon": 14.520105786500771, "k": 2.587758832883093, "temp": 0.9067967809022087}, "datetime": {"datetime": "2025-03-23 13:48:32", "elapsed": 1335.373353, "delta": 556.472452}}
,{"target": -886981999.0, "params": {"epsilon": 48.10155596010974, "k": 2.218180706785359, "temp": 0.08996288653402995}, "datetime": {"datetime": "2025-03-23 13:48:48", "elapsed": 1309.567288, "delta": 552.666417}}
,{"target": -787056960.0, "params": {"epsilon": 40.85695420214328, "k": 1.018317159301968, "temp": 0.21235559074309174}, "datetime": {"datetime": "2025-03-23 13:58:00", "elapsed": 1861.702431, "delta": 552.135143}}
,{"target": -92747254436.0, "params": {"epsilon": 35.22739535569539, "k": 2.642178468066537, "temp": 2.9413266431030496}, "datetime": {"datetime": "2025-03-23 14:01:49", "elapsed": 2090.227362, "delta": 228.524931}}
,{"target": -124788865887.0, "params": {"epsilon": 43.68135913960628, "k": 1.3366218846095446, "temp": 2.9302209844776828}, "datetime": {"datetime": "2025-03-23 14:06:08", "elapsed": 2349.215933, "delta": 258.988571}}
,{"target": -682921641.0, "params": {"epsilon": 49.454851796552134, "k": 2.981334380511247, "temp": 1.896188988576113}, "datetime": {"datetime": "2025-03-23 14:15:22", "elapsed": 2903.249756, "delta": 554.033823}}
,{"target": -633746292.0, "params": {"epsilon": 38.37849248619075, "k": 1.0754659634783208, "temp": 0.19197064922775753}, "datetime": {"datetime": "2025-03-23 14:24:38", "elapsed": 3459.648613, "delta": 556.398857}}
,{"target": -1600134.0, "params": {"epsilon": 1.0525138508678669, "k": 2.1663887978752134, "temp": 0.2430129702199716}, "datetime": {"datetime": "2025-03-23 14:34:08", "elapsed": 4029.761316, "delta": 570.112703}}
,{"target": -5557995.0, "params": {"epsilon": 4.964393325958818, "k": 2.2002198721663797, "temp": 1.2956868461383046}, "datetime": {"datetime": "2025-03-23 14:43:30", "elapsed": 4591.953716, "delta": 562.1924}}
,{"target": -4383617.0, "params": {"epsilon": 9.55471399309898, "k": 1.8051921162884943, "temp": 0.004668438147412024}, "datetime": {"datetime": "2025-03-23 14:52:53", "elapsed": 5154.310853, "delta": 562.357137}}
]
