[
{"target": -11677.0, "params": {"epsilon": 1.1922659647878273, "k": 2.8129889777411328, "temp": 1.2912106371780308}, "datetime": {"datetime": "2025-03-23 14:01:32", "elapsed": 0.0, "delta": 0.0}}
,{"target": -11507.0, "params": {"epsilon": 94.58996289941277, "k": 1.1420904314522862, "temp": 1.419737463169994}, "datetime": {"datetime": "2025-03-23 15:03:09", "elapsed": 3697.614868, "delta": 3697.614868}}
,{"target": -11543.0, "params": {"epsilon": 93.89329819832413, "k": 1.1104360035604275, "temp": 1.4667464219420716}, "datetime": {"datetime": "2025-03-23 16:00:05", "elapsed": 7113.107996, "delta": 3415.493128}}
,{"target": -11697.0, "params": {"epsilon": 96.85916982173472, "k": 1.070495505405799, "temp": 1.4332424434124378}, "datetime": {"datetime": "2025-03-23 16:57:14", "elapsed": 10542.327314, "delta": 3429.219318}}
,{"target": -11570.0, "params": {"epsilon": 94.48700335469374, "k": 1.7668595515830343, "temp": 0.5182010423243923}, "datetime": {"datetime": "2025-03-23 17:54:59", "elapsed": 14007.200542, "delta": 3464.873228}}
,{"target": -11599.0, "params": {"epsilon": 94.60123775457694, "k": 1.4080866857711374, "temp": 2.4353009817492675}, "datetime": {"datetime": "2025-03-23 18:50:56", "elapsed": 17364.114969, "delta": 3356.914427}}
,{"target": -11503.0, "params": {"epsilon": 94.22007737990103, "k": 2.467763020670179, "temp": 1.47152380116799}, "datetime": {"datetime": "2025-03-23 19:41:21", "elapsed": 20389.27682, "delta": 3025.161851}}
,{"target": -11448.0, "params": {"epsilon": 93.44429154077574, "k": 2.99068117815702, "temp": 1.2936270351070975}, "datetime": {"datetime": "2025-03-23 20:07:39", "elapsed": 21967.592411, "delta": 1578.315591}}
,{"target": -11491.0, "params": {"epsilon": 92.74545143820372, "k": 2.8169343527681185, "temp": 2.188352581503024}, "datetime": {"datetime": "2025-03-23 21:03:05", "elapsed": 25293.810197, "delta": 3326.217786}}
,{"target": -11521.0, "params": {"epsilon": 92.40406270929887, "k": 2.993706762988798, "temp": 0.7214852199012309}, "datetime": {"datetime": "2025-03-23 21:58:15", "elapsed": 28603.090873, "delta": 3309.280676}}
,{"target": -11475.0, "params": {"epsilon": 90.91890245270203, "k": 2.991534062364381, "temp": 2.7518262052942077}, "datetime": {"datetime": "2025-03-23 22:41:41", "elapsed": 31209.347365, "delta": 2606.256492}}
,{"target": -11491.0, "params": {"epsilon": 91.08323599314579, "k": 1.6911443798573709, "temp": 2.300343350001277}, "datetime": {"datetime": "2025-03-23 23:36:25", "elapsed": 34493.3385, "delta": 3283.991135}}
,{"target": -11509.0, "params": {"epsilon": 89.64018694976127, "k": 2.2716890339239826, "temp": 2.6673238224222247}, "datetime": {"datetime": "2025-03-24 00:15:37", "elapsed": 36845.385277, "delta": 2352.046777}}
]
