[
{"target": -432931391948.0, "params": {"epsilon": 26.085537707083727, "k": 1.605072930736117, "temp": 1.9415085340422362}, "datetime": {"datetime": "2025-03-23 14:28:05", "elapsed": 0.0, "delta": 0.0}}
,{"target": -766250405653.0, "params": {"epsilon": 59.69906771448817, "k": 2.814923946243629, "temp": 2.7226862539306813}, "datetime": {"datetime": "2025-03-23 15:04:32", "elapsed": 2187.496802, "delta": 2187.496802}}
,{"target": -65848688174.0, "params": {"epsilon": 7.265713080363104, "k": 2.699417744721498, "temp": 0.6140279732698198}, "datetime": {"datetime": "2025-03-23 16:43:27", "elapsed": 8122.429529, "delta": 5934.932727}}
,{"target": -128124770067.0, "params": {"epsilon": 7.83832645636159, "k": 2.3338008750332566, "temp": 1.5634508599603953}, "datetime": {"datetime": "2025-03-23 18:10:01", "elapsed": 13315.927469, "delta": 5193.49794}}
,{"target": -61063529570.0, "params": {"epsilon": 1.1052827297107126, "k": 2.617033804795419, "temp": 0.46387154662253605}, "datetime": {"datetime": "2025-03-23 19:47:25", "elapsed": 19159.869669, "delta": 5843.9422}}
,{"target": -127863985073.0, "params": {"epsilon": 99.98250188521081, "k": 1.5660246792148982, "temp": 1.2592086073875657}, "datetime": {"datetime": "2025-03-23 21:13:19", "elapsed": 24314.151528, "delta": 5154.281859}}
,{"target": -122131318560.0, "params": {"epsilon": 87.25837309535937, "k": 2.9587942823726534, "temp": 0.10647643120277805}, "datetime": {"datetime": "2025-03-23 22:38:18", "elapsed": 29413.032948, "delta": 5098.88142}}
,{"target": -1296615503356.0, "params": {"epsilon": 78.01418267978187, "k": 1.088205163664843, "temp": 2.834482204912005}, "datetime": {"datetime": "2025-03-23 23:22:55", "elapsed": 32090.225592, "delta": 2677.192644}}
,{"target": -1008991477981.0, "params": {"epsilon": 93.21813237002907, "k": 2.702713925962878, "temp": 2.8572127532970586}, "datetime": {"datetime": "2025-03-23 23:57:07", "elapsed": 34142.67899, "delta": 2052.453398}}
,{"target": -544868023520.0, "params": {"epsilon": 4.157608501806787, "k": 1.0157640123138858, "temp": 2.681527062802099}, "datetime": {"datetime": "2025-03-24 00:42:03", "elapsed": 36838.318381, "delta": 2695.639391}}
,{"target": -76970895706.0, "params": {"epsilon": 10.911108586660436, "k": 2.928112177316037, "temp": 0.21143192886680318}, "datetime": {"datetime": "2025-03-24 02:09:36", "elapsed": 42091.063386, "delta": 5252.745005}}
,{"target": -734248413269.0, "params": {"epsilon": 14.786847991744557, "k": 1.089074705426859, "temp": 2.77547509523698}, "datetime": {"datetime": "2025-03-24 02:54:03", "elapsed": 44758.193237, "delta": 2667.129851}}
,{"target": -1315501960733.0, "params": {"epsilon": 86.08778607630863, "k": 1.1728179702252162, "temp": 2.9199939533078245}, "datetime": {"datetime": "2025-03-24 03:32:06", "elapsed": 47041.063085, "delta": 2282.869848}}
]
