[
{"target": -193632.0, "params": {"epsilon": 29.75046925572486, "k": 1.5244139876265956, "temp": 1.2206246812564063}, "datetime": {"datetime": "2025-03-23 13:23:16", "elapsed": 0.0, "delta": 0.0}}
,{"target": -141275.0, "params": {"epsilon": 47.71673478157805, "k": 1.5687122299722744, "temp": 2.405834040490671}, "datetime": {"datetime": "2025-03-23 13:24:56", "elapsed": 0.0, "delta": 0.0}}
,{"target": -249133.0, "params": {"epsilon": 5.061435348373435, "k": 1.4259423904177992, "temp": 1.167584638990826}, "datetime": {"datetime": "2025-03-23 13:28:35", "elapsed": 218.869781, "delta": 218.869781}}
,{"target": -158390.0, "params": {"epsilon": 38.17938692787041, "k": 2.3205122922539565, "temp": 2.048290178892325}, "datetime": {"datetime": "2025-03-23 13:30:45", "elapsed": 448.585877, "delta": 448.585877}}
,{"target": -128982.0, "params": {"epsilon": 65.68117936252584, "k": 1.0495454453152149, "temp": 1.3871937691205578}, "datetime": {"datetime": "2025-03-23 13:38:22", "elapsed": 806.044875, "delta": 587.175094}}
,{"target": -209978.0, "params": {"epsilon": 76.04609062889324, "k": 1.5295334524146915, "temp": 1.6080675025579367}, "datetime": {"datetime": "2025-03-23 13:45:38", "elapsed": 1342.029088, "delta": 893.443211}}
,{"target": -66069.0, "params": {"epsilon": 53.03519420019558, "k": 1.2982754913774264, "temp": 2.651895568967767}, "datetime": {"datetime": "2025-03-23 13:58:18", "elapsed": 2102.029694, "delta": 760.000606}}
,{"target": -62771.0, "params": {"epsilon": 99.97385742397891, "k": 2.305398345998602, "temp": 2.536898221268206}, "datetime": {"datetime": "2025-03-23 14:00:55", "elapsed": 2159.223921, "delta": 1353.179046}}
,{"target": -144571.0, "params": {"epsilon": 52.129825951267094, "k": 1.178508677784484, "temp": 2.9234235326379046}, "datetime": {"datetime": "2025-03-23 14:13:00", "elapsed": 2984.095247, "delta": 882.065553}}
,{"target": -136071.0, "params": {"epsilon": 53.42638945517562, "k": 1.5884562504398168, "temp": 2.683201796131895}, "datetime": {"datetime": "2025-03-23 14:27:22", "elapsed": 3846.156279, "delta": 862.061032}}
,{"target": -128845.0, "params": {"epsilon": 52.81212512968256, "k": 1.3417722790309428, "temp": 2.428245744012794}, "datetime": {"datetime": "2025-03-23 14:41:53", "elapsed": 4717.294611, "delta": 871.138332}}
,{"target": -146597.0, "params": {"epsilon": 53.20796339367028, "k": 1.2309409439206436, "temp": 2.542465985290564}, "datetime": {"datetime": "2025-03-23 14:50:22", "elapsed": 5226.020888, "delta": 508.726277}}
,{"target": -189626.0, "params": {"epsilon": 70.47627959163184, "k": 2.729173908914309, "temp": 1.6920129904821932}, "datetime": {"datetime": "2025-03-23 14:57:57", "elapsed": 5680.95934, "delta": 454.938452}}
,{"target": -258035.0, "params": {"epsilon": 60.942661682088875, "k": 2.7059437926305874, "temp": 0.7077990738674144}, "datetime": {"datetime": "2025-03-23 15:04:20", "elapsed": 6063.694345, "delta": 382.735005}}
,{"target": -178315.0, "params": {"epsilon": 25.007439884049667, "k": 1.5262369119703842, "temp": 2.5798716104375727}, "datetime": {"datetime": "2025-03-23 15:10:37", "elapsed": 6441.028586, "delta": 377.334241}}
,{"target": -148637.0, "params": {"epsilon": 53.0762500706675, "k": 1.3508553533772232, "temp": 2.7949720552002586}, "datetime": {"datetime": "2025-03-23 15:20:44", "elapsed": 7048.308243, "delta": 607.279657}}
,{"target": -114010.0, "params": {"epsilon": 53.20418742592633, "k": 1.2427911731827885, "temp": 2.6752337585622064}, "datetime": {"datetime": "2025-03-23 15:35:42", "elapsed": 7945.408089, "delta": 897.099846}}
]
