[
{"target": -2263427437.0, "params": {"epsilon": 72.87113264984998, "k": 2.4330214080761383, "temp": 1.9244165704419858}, "datetime": {"datetime": "2025-03-23 13:33:00", "elapsed": 0.0, "delta": 0.0}}
,{"target": -3241704765.0, "params": {"epsilon": 60.49343603133306, "k": 2.5792431282258876, "temp": 0.17010287496360876}, "datetime": {"datetime": "2025-03-23 13:48:07", "elapsed": 906.038664, "delta": 906.038664}}
,{"target": -170499236468.0, "params": {"epsilon": 19.105064246804705, "k": 1.6110106546667022, "temp": 2.696626155623032}, "datetime": {"datetime": "2025-03-23 13:54:52", "elapsed": 1311.975455, "delta": 405.936791}}
,{"target": -4746432737.0, "params": {"epsilon": 99.9064848881873, "k": 1.5655740389679191, "temp": 0.0623556539716823}, "datetime": {"datetime": "2025-03-23 14:09:58", "elapsed": 2218.002701, "delta": 906.027246}}
,{"target": -3724282145.0, "params": {"epsilon": 73.40553487080453, "k": 2.6767571621623625, "temp": 0.3618546465931167}, "datetime": {"datetime": "2025-03-23 14:25:07", "elapsed": 3126.323299, "delta": 908.320598}}
,{"target": -268889009903.0, "params": {"epsilon": 88.3488651884875, "k": 2.9329135704205203, "temp": 2.9581114720435293}, "datetime": {"datetime": "2025-03-23 14:31:17", "elapsed": 3496.068354, "delta": 369.745055}}
,{"target": -285856837018.0, "params": {"epsilon": 50.87048636687892, "k": 1.8097169359246799, "temp": 2.9645903317536058}, "datetime": {"datetime": "2025-03-23 14:37:38", "elapsed": 3877.171109, "delta": 381.102755}}
,{"target": -3288445855.0, "params": {"epsilon": 66.82400223076269, "k": 1.078039715275928, "temp": 0.11521959380657687}, "datetime": {"datetime": "2025-03-23 14:52:43", "elapsed": 4782.054884, "delta": 904.883775}}
,{"target": -1816900.0, "params": {"epsilon": 1.0435215895427128, "k": 2.291087992575616, "temp": 0.5600194415682552}, "datetime": {"datetime": "2025-03-23 15:08:17", "elapsed": 5716.072886, "delta": 934.018002}}
,{"target": -165170875114.0, "params": {"epsilon": 7.701840440374832, "k": 1.0879812896082421, "temp": 2.9273399972918512}, "datetime": {"datetime": "2025-03-23 15:16:23", "elapsed": 6202.283485, "delta": 486.210599}}
,{"target": -1531974989.0, "params": {"epsilon": 33.40237013912924, "k": 2.894899034599682, "temp": 0.09934675604875276}, "datetime": {"datetime": "2025-03-23 15:31:34", "elapsed": 7113.985271, "delta": 911.701786}}
,{"target": -331250832731.0, "params": {"epsilon": 38.57921232994822, "k": 1.1251920423694453, "temp": 2.9993527593590845}, "datetime": {"datetime": "2025-03-23 15:39:08", "elapsed": 7567.475426, "delta": 453.490155}}
,{"target": -1207246972.0, "params": {"epsilon": 28.973512832683618, "k": 2.985536819695565, "temp": 0.3595177509785574}, "datetime": {"datetime": "2025-03-23 15:54:07", "elapsed": 8466.555927, "delta": 899.080501}}
]
