[
{"target": -3.9527588727895187, "params": {"epsilon": 54.54820174274474, "k": 2.653231122475293, "temp": 2.9765866319049983}, "datetime": {"datetime": "2025-03-23 13:20:07", "elapsed": 0.0, "delta": 0.0}}
,{"target": -3.735108017983188, "params": {"epsilon": 88.97663615246582, "k": 1.6517380632956518, "temp": 2.1883181660383912}, "datetime": {"datetime": "2025-03-23 13:22:50", "elapsed": 163.108483, "delta": 163.108483}}
,{"target": -3.8149417917914508, "params": {"epsilon": 60.55037155020936, "k": 1.878919883430667, "temp": 2.201407795600667}, "datetime": {"datetime": "2025-03-23 13:25:52", "elapsed": 344.800775, "delta": 181.692292}}
,{"target": -4.412340823189114, "params": {"epsilon": 6.503701802559209, "k": 1.297573144999191, "temp": 1.8849017236468548}, "datetime": {"datetime": "2025-03-23 13:28:56", "elapsed": 528.418432, "delta": 183.617657}}
,{"target": -3.73250375803863, "params": {"epsilon": 76.13480547121974, "k": 2.669072074598977, "temp": 0.10719162325455855}, "datetime": {"datetime": "2025-03-23 13:31:42", "elapsed": 695.051997, "delta": 166.633565}}
,{"target": -3.960606215313404, "params": {"epsilon": 33.408051114295304, "k": 1.1416198455050748, "temp": 1.8791662458107803}, "datetime": {"datetime": "2025-03-23 13:34:22", "elapsed": 854.707807, "delta": 159.65581}}
,{"target": -3.888969169080845, "params": {"epsilon": 86.46467478734981, "k": 1.9497379830226447, "temp": 2.275343429878239}, "datetime": {"datetime": "2025-03-23 13:37:25", "elapsed": 1037.264829, "delta": 182.557022}}
,{"target": -3300002074.485297, "params": {"epsilon": 93.82624244047479, "k": 1.152369320169021, "temp": 1.9915139209404515}, "datetime": {"datetime": "2025-03-23 13:39:44", "elapsed": 1176.719155, "delta": 139.454326}}
,{"target": -3.7907862041541343, "params": {"epsilon": 57.1621552689283, "k": 1.5748642500591952, "temp": 0.35780277460979915}, "datetime": {"datetime": "2025-03-23 13:42:29", "elapsed": 1341.732984, "delta": 165.013829}}
,{"target": -3.7735133884100893, "params": {"epsilon": 80.83497518608084, "k": 1.5145783286899024, "temp": 0.5674381697539247}, "datetime": {"datetime": "2025-03-23 13:45:35", "elapsed": 1527.558999, "delta": 185.826015}}
,{"target": -3.795592463831743, "params": {"epsilon": 51.089781440527034, "k": 1.0696558505649771, "temp": 0.22443748588248735}, "datetime": {"datetime": "2025-03-23 13:48:23", "elapsed": 1695.776646, "delta": 168.217647}}
,{"target": -4.040960598674399, "params": {"epsilon": 38.38306561883161, "k": 1.1051521484738476, "temp": 0.7452276010610256}, "datetime": {"datetime": "2025-03-23 13:51:33", "elapsed": 1886.124622, "delta": 190.347976}}
,{"target": -3.8378833672515222, "params": {"epsilon": 44.69437960226749, "k": 1.0485896631999807, "temp": 0.7825354589784516}, "datetime": {"datetime": "2025-03-23 13:54:41", "elapsed": 2073.642682, "delta": 187.51806}}
]
