[
{"target": -100000064.87393913, "params": {"epsilon": 19.00523514375568, "k": 1.7421435213367207, "temp": 0.6165494423727816}, "datetime": {"datetime": "2025-03-23 13:22:15", "elapsed": 0.0, "delta": 0.0}}
,{"target": -100000064.1310721, "params": {"epsilon": 85.43601559144591, "k": 1.2766761602193708, "temp": 0.8806079252756693}, "datetime": {"datetime": "2025-03-23 13:34:50", "elapsed": 754.914506, "delta": 754.914506}}
,{"target": -100000064.89096707, "params": {"epsilon": 38.164990371966056, "k": 2.8745021081872935, "temp": 1.7975045589559637}, "datetime": {"datetime": "2025-03-23 13:41:28", "elapsed": 1153.608286, "delta": 398.69378}}
,{"target": -100000064.39971279, "params": {"epsilon": 85.76839105741334, "k": 1.1247120929622536, "temp": 1.8915984746039667}, "datetime": {"datetime": "2025-03-23 13:54:40", "elapsed": 1945.41109, "delta": 791.802804}}
,{"target": -100000064.12333943, "params": {"epsilon": 84.61192906286271, "k": 2.3014986990769266, "temp": 0.07323319909467763}, "datetime": {"datetime": "2025-03-23 14:05:12", "elapsed": 2577.345596, "delta": 631.934506}}
,{"target": -100000064.40146895, "params": {"epsilon": 87.6948814175775, "k": 2.6793890257521307, "temp": 0.004625489437187769}, "datetime": {"datetime": "2025-03-23 14:15:43", "elapsed": 3208.513255, "delta": 631.167659}}
,{"target": -100000064.32374667, "params": {"epsilon": 82.87888286834112, "k": 1.0482929962688754, "temp": 0.025529933755766288}, "datetime": {"datetime": "2025-03-23 14:28:24", "elapsed": 3969.764002, "delta": 761.250747}}
,{"target": -200000126.69664454, "params": {"epsilon": 63.939697501993855, "k": 2.1650394001372693, "temp": 2.9525906591559052}, "datetime": {"datetime": "2025-03-23 14:37:14", "elapsed": 4499.183071, "delta": 529.419069}}
,{"target": -200000126.69956076, "params": {"epsilon": 1.084578593458955, "k": 1.4679761086960441, "temp": 2.534248955817278}, "datetime": {"datetime": "2025-03-23 14:41:05", "elapsed": 4730.135686, "delta": 230.952615}}
,{"target": -200000126.66595024, "params": {"epsilon": 99.98197945479865, "k": 1.9081222611497488, "temp": 2.7258711955253396}, "datetime": {"datetime": "2025-03-23 14:53:38", "elapsed": 5483.489619, "delta": 753.353933}}
,{"target": -100000064.2340978, "params": {"epsilon": 28.27610422313584, "k": 2.9512977412594497, "temp": 2.8882947251735853}, "datetime": {"datetime": "2025-03-23 14:59:23", "elapsed": 5828.329096, "delta": 344.839477}}
,{"target": -100000063.95719464, "params": {"epsilon": 47.50355600018863, "k": 1.2035440955097858, "temp": 0.20593459784418156}, "datetime": {"datetime": "2025-03-23 15:08:36", "elapsed": 6381.486381, "delta": 553.157285}}
,{"target": -100000064.23373765, "params": {"epsilon": 31.817186007354934, "k": 1.057485506796434, "temp": 0.17416922242618227}, "datetime": {"datetime": "2025-03-23 15:16:07", "elapsed": 6832.166848, "delta": 450.680467}}
]
