[
{"target": -6600004147.446755, "params": {"epsilon": 1.108589151350871, "k": 1.3656974050156634, "temp": 2.9825779332464424}, "datetime": {"datetime": "2025-03-25 23:59:26", "elapsed": 0.0, "delta": 0.0}}
,{"target": -4.5262921901330895, "params": {"epsilon": 3.2506584793011175, "k": 2.3316184580292862, "temp": 0.16469920334768173}, "datetime": {"datetime": "2025-03-26 00:07:24", "elapsed": 477.578191, "delta": 477.578191}}
,{"target": -4.748525777816678, "params": {"epsilon": 2.8788774269824726, "k": 2.087924322005958, "temp": 0.4202414140965771}, "datetime": {"datetime": "2025-03-26 00:14:04", "elapsed": 877.905012, "delta": 400.326821}}
,{"target": -4.002229263915198, "params": {"epsilon": 15.39796928835615, "k": 1.0700768718963183, "temp": 1.7168419925005312}, "datetime": {"datetime": "2025-03-26 00:22:02", "elapsed": 1355.185856, "delta": 477.280844}}
,{"target": -23100014503.820312, "params": {"epsilon": 91.19643784244185, "k": 1.9852586347349928, "temp": 1.4746830138371214}, "datetime": {"datetime": "2025-03-26 00:29:55", "elapsed": 1828.701758, "delta": 473.515902}}
,{"target": -3.816485596575708, "params": {"epsilon": 99.6686486018561, "k": 2.6101545283002454, "temp": 1.559117236092235}, "datetime": {"datetime": "2025-03-26 00:37:52", "elapsed": 2305.187991, "delta": 476.486233}}
,{"target": -3.87448767858102, "params": {"epsilon": 72.92093046464409, "k": 1.8821675605439552, "temp": 2.591732053824532}, "datetime": {"datetime": "2025-03-26 00:45:05", "elapsed": 2738.716976, "delta": 433.528985}}
,{"target": -4.3966086130936475, "params": {"epsilon": 27.509471563810795, "k": 2.156383632214345, "temp": 1.2682460772107995}, "datetime": {"datetime": "2025-03-26 00:50:21", "elapsed": 3055.031139, "delta": 316.314163}}
,{"target": -3.966221781095639, "params": {"epsilon": 41.28634385836668, "k": 1.9170068360957555, "temp": 2.9496124913910373}, "datetime": {"datetime": "2025-03-26 00:58:20", "elapsed": 3533.117857, "delta": 478.086718}}
,{"target": -3.833074852924505, "params": {"epsilon": 48.368154312607444, "k": 2.2141104181637927, "temp": 1.9427586027194876}, "datetime": {"datetime": "2025-03-26 01:06:21", "elapsed": 4014.539838, "delta": 481.421981}}
,{"target": -4.0021661255135275, "params": {"epsilon": 54.18954098575337, "k": 1.1717491344354685, "temp": 2.7994630046052267}, "datetime": {"datetime": "2025-03-26 01:11:42", "elapsed": 4335.1723, "delta": 320.632462}}
,{"target": -6600004146.159483, "params": {"epsilon": 23.218700983118335, "k": 2.780290258005004, "temp": 0.004994165218110469}, "datetime": {"datetime": "2025-03-26 01:19:35", "elapsed": 4808.358248, "delta": 473.185948}}
,{"target": -3.7704143901064313, "params": {"epsilon": 31.37075140322848, "k": 1.1307711961876843, "temp": 2.9558089355031614}, "datetime": {"datetime": "2025-03-26 01:27:31", "elapsed": 5284.275003, "delta": 475.916755}}
]
