[
{"target": -40800025635.25684, "params": {"epsilon": 28.518849204853296, "k": 1.279687633840813, "temp": 0.281563735989673}, "datetime": {"datetime": "2025-03-23 13:38:42", "elapsed": 0.0, "delta": 0.0}}
,{"target": -27200017099.89302, "params": {"epsilon": 40.941987628298264, "k": 2.7737992067144965, "temp": 2.8011314215743592}, "datetime": {"datetime": "2025-03-23 14:01:14", "elapsed": 1351.499447, "delta": 1351.499447}}
,{"target": -27200017099.541477, "params": {"epsilon": 92.35977279935577, "k": 1.7871098483615973, "temp": 2.6735204047827437}, "datetime": {"datetime": "2025-03-23 14:22:22", "elapsed": 2619.835581, "delta": 1268.336134}}
,{"target": -68000042708.68801, "params": {"epsilon": 3.0677400119808413, "k": 2.5942110232437967, "temp": 1.1649638292670197}, "datetime": {"datetime": "2025-03-23 14:43:42", "elapsed": 3899.690933, "delta": 1279.855352}}
,{"target": -40800025632.94832, "params": {"epsilon": 39.64253085974085, "k": 1.857310551427526, "temp": 1.109777455742364}, "datetime": {"datetime": "2025-03-23 15:04:49", "elapsed": 5166.500349, "delta": 1266.809416}}
,{"target": -54400034178.567276, "params": {"epsilon": 43.54820597350371, "k": 2.9137227162362223, "temp": 2.6190689648341423}, "datetime": {"datetime": "2025-03-23 15:20:38", "elapsed": 6116.167014, "delta": 949.666665}}
,{"target": -47600029905.59863, "params": {"epsilon": 91.94192048408853, "k": 1.7072870498449457, "temp": 2.7908966882888433}, "datetime": {"datetime": "2025-03-23 15:41:47", "elapsed": 7384.937296, "delta": 1268.770282}}
,{"target": -40800025635.48308, "params": {"epsilon": 37.116754509508546, "k": 1.3385238341695593, "temp": 1.1659168234380015}, "datetime": {"datetime": "2025-03-23 16:02:49", "elapsed": 8646.567986, "delta": 1261.63069}}
,{"target": -34000021365.880806, "params": {"epsilon": 95.66584808289085, "k": 1.8863843046054651, "temp": 0.7713273601319344}, "datetime": {"datetime": "2025-03-23 16:23:55", "elapsed": 9913.103101, "delta": 1266.535115}}
,{"target": -40800025632.23114, "params": {"epsilon": 61.61183900867487, "k": 1.1710243885586715, "temp": 0.37005831763249564}, "datetime": {"datetime": "2025-03-23 16:44:58", "elapsed": 11175.49637, "delta": 1262.393269}}
,{"target": -68000042713.34924, "params": {"epsilon": 10.253476507169834, "k": 1.6145291395202337, "temp": 1.055391668903399}, "datetime": {"datetime": "2025-03-23 17:06:14", "elapsed": 12451.441449, "delta": 1275.945079}}
,{"target": -40800025633.06727, "params": {"epsilon": 95.47327320839985, "k": 2.744490471414576, "temp": 2.534683418374993}, "datetime": {"datetime": "2025-03-23 17:25:33", "elapsed": 13611.121414, "delta": 1159.679965}}
,{"target": -34000021369.51274, "params": {"epsilon": 44.31781912999458, "k": 1.7606146167185917, "temp": 1.1680196325506436}, "datetime": {"datetime": "2025-03-23 17:47:01", "elapsed": 14898.806053, "delta": 1287.684639}}
]
