[
{"target": -6287247.895662196, "params": {"epsilon": 85.22765907997909, "k": 2.4090277866343817, "temp": 2.681620391363132}, "datetime": {"datetime": "2025-03-26 00:18:40", "elapsed": 0.0, "delta": 0.0}}
,{"target": -6558357.536622858, "params": {"epsilon": 24.619888474665746, "k": 2.713565684622586, "temp": 1.8476988050542764}, "datetime": {"datetime": "2025-03-26 00:33:34", "elapsed": 894.013541, "delta": 894.013541}}
,{"target": -6547886.467102106, "params": {"epsilon": 27.561258785681954, "k": 1.8286940368440259, "temp": 2.345683464814728}, "datetime": {"datetime": "2025-03-26 00:49:04", "elapsed": 1824.598366, "delta": 930.584825}}
,{"target": -6379005.317124925, "params": {"epsilon": 72.1602244228723, "k": 1.0535002439875267, "temp": 2.866205052850794}, "datetime": {"datetime": "2025-03-26 01:08:16", "elapsed": 2976.046304, "delta": 1151.447938}}
,{"target": -7367219.257098228, "params": {"epsilon": 15.3013246347259, "k": 2.8651738875140174, "temp": 0.08592419190483891}, "datetime": {"datetime": "2025-03-26 01:13:32", "elapsed": 3292.212527, "delta": 316.166223}}
,{"target": -6296719.640320876, "params": {"epsilon": 99.98764482633341, "k": 1.0007693286160138, "temp": 2.9725876358287464}, "datetime": {"datetime": "2025-03-26 01:45:52", "elapsed": 5231.695877, "delta": 1939.48335}}
,{"target": -6424985.721803917, "params": {"epsilon": 51.43589073800327, "k": 2.5800427511516446, "temp": 2.9874692734113517}, "datetime": {"datetime": "2025-03-26 02:04:20", "elapsed": 6339.999257, "delta": 1108.30338}}
,{"target": -7306318.717260909, "params": {"epsilon": 48.647961120525366, "k": 1.0629747721144396, "temp": 0.13223367407639608}, "datetime": {"datetime": "2025-03-26 02:14:13", "elapsed": 6933.52809, "delta": 593.528833}}
,{"target": -6256717.340058127, "params": {"epsilon": 55.167910004188705, "k": 2.824741541503526, "temp": 2.990758763518244}, "datetime": {"datetime": "2025-03-26 02:23:19", "elapsed": 7479.36985, "delta": 545.84176}}
,{"target": -7145363.7075057225, "params": {"epsilon": 72.96061570130776, "k": 2.9063488014238468, "temp": 0.02751324438937186}, "datetime": {"datetime": "2025-03-26 02:33:33", "elapsed": 8092.637668, "delta": 613.267818}}
,{"target": -7296122.90708288, "params": {"epsilon": 99.74172186541846, "k": 2.7272675216910116, "temp": 0.06934762645889203}, "datetime": {"datetime": "2025-03-26 02:45:59", "elapsed": 8838.684908, "delta": 746.04724}}
,{"target": -7382306.148745844, "params": {"epsilon": 54.512968270142906, "k": 2.8567323444890076, "temp": 0.07451084707598854}, "datetime": {"datetime": "2025-03-26 02:54:30", "elapsed": 9349.609584, "delta": 510.924676}}
,{"target": -6577076.743370503, "params": {"epsilon": 74.550611072797, "k": 1.1927648010688594, "temp": 2.6567617979467792}, "datetime": {"datetime": "2025-03-26 03:19:45", "elapsed": 10865.224135, "delta": 1515.614551}}
]
