[
{"target": -1300000817.7109687, "params": {"epsilon": 68.53164222189402, "k": 2.195903278044094, "temp": 2.7294810578236426}, "datetime": {"datetime": "2025-03-26 00:00:23", "elapsed": 0.0, "delta": 0.0}}
,{"target": -1100000693.4721496, "params": {"epsilon": 37.24752082268331, "k": 1.9925551934040446, "temp": 1.917680258486914}, "datetime": {"datetime": "2025-03-26 00:06:29", "elapsed": 365.717641, "delta": 365.717641}}
,{"target": -1200000756.0991209, "params": {"epsilon": 20.69266313536059, "k": 2.503177270760804, "temp": 0.2904913814282827}, "datetime": {"datetime": "2025-03-26 00:11:03", "elapsed": 640.017217, "delta": 274.299576}}
,{"target": -1200000755.6188617, "params": {"epsilon": 29.700353582845786, "k": 2.5731261094271836, "temp": 1.9013259518289893}, "datetime": {"datetime": "2025-03-26 00:16:23", "elapsed": 960.184883, "delta": 320.167666}}
,{"target": -1300000817.6016555, "params": {"epsilon": 84.7722655902255, "k": 1.818359306134577, "temp": 0.44867336697599236}, "datetime": {"datetime": "2025-03-26 00:26:35", "elapsed": 1571.694678, "delta": 611.509795}}
,{"target": -1300000817.0262492, "params": {"epsilon": 54.97127998775014, "k": 2.0167746713002423, "temp": 1.005675759763057}, "datetime": {"datetime": "2025-03-26 00:34:06", "elapsed": 2023.506111, "delta": 451.811433}}
,{"target": -1200000754.8863869, "params": {"epsilon": 32.030138779015594, "k": 2.1801521127202608, "temp": 0.6111806607183402}, "datetime": {"datetime": "2025-03-26 00:39:44", "elapsed": 2361.12139, "delta": 337.615279}}
,{"target": -1300000817.616778, "params": {"epsilon": 88.09279417366407, "k": 2.7310648198669507, "temp": 2.965216001570376}, "datetime": {"datetime": "2025-03-26 00:49:40", "elapsed": 2957.5723, "delta": 596.45091}}
,{"target": -1300000817.9837945, "params": {"epsilon": 88.27987902814016, "k": 1.494540141803448, "temp": 1.476202181394795}, "datetime": {"datetime": "2025-03-26 01:01:04", "elapsed": 3640.742455, "delta": 683.170155}}
,{"target": -1300000819.4550395, "params": {"epsilon": 66.86445085112973, "k": 1.271552837304464, "temp": 2.914108855584157}, "datetime": {"datetime": "2025-03-26 01:10:54", "elapsed": 4230.84271, "delta": 590.100255}}
,{"target": -1200000755.0585012, "params": {"epsilon": 32.426161231869074, "k": 1.6157163057128383, "temp": 2.481639957350014}, "datetime": {"datetime": "2025-03-26 01:16:39", "elapsed": 4576.59497, "delta": 345.75226}}
,{"target": -1200000754.423355, "params": {"epsilon": 55.17822741833639, "k": 2.7987661841569276, "temp": 2.6941673038738703}, "datetime": {"datetime": "2025-03-26 01:24:05", "elapsed": 5022.213433, "delta": 445.618463}}
,{"target": -1200000754.678083, "params": {"epsilon": 19.517332475295547, "k": 2.365840746925328, "temp": 1.3195186283102238}, "datetime": {"datetime": "2025-03-26 01:28:38", "elapsed": 5295.392316, "delta": 273.178883}}
]
