[
{"target": -0.3493092920402411, "params": {"epsilon": 87.7564306305831, "k": 1.6087032075776118, "temp": 0.4246117478356711}, "datetime": {"datetime": "2025-03-23 14:02:21", "elapsed": 0.0, "delta": 0.0}}
,{"target": -0.35039844466679454, "params": {"epsilon": 4.628108910628667, "k": 1.5963941116823928, "temp": 1.1971783180657174}, "datetime": {"datetime": "2025-03-23 14:29:24", "elapsed": 1622.91606, "delta": 1622.91606}}
,{"target": -0.3496845932219435, "params": {"epsilon": 20.83851824293138, "k": 1.7288945080012277, "temp": 0.23388800405950427}, "datetime": {"datetime": "2025-03-23 14:47:45", "elapsed": 2724.354188, "delta": 1101.438128}}
,{"target": -0.34931540250360715, "params": {"epsilon": 10.524921115282378, "k": 1.3694771060888047, "temp": 2.157818646341842}, "datetime": {"datetime": "2025-03-23 15:06:24", "elapsed": 3842.591699, "delta": 1118.237511}}
,{"target": -0.3483347436308433, "params": {"epsilon": 65.79874155635034, "k": 2.059659490524809, "temp": 1.0558396591823787}, "datetime": {"datetime": "2025-03-23 15:27:16", "elapsed": 5094.966475, "delta": 1252.374776}}
,{"target": -0.349243566603851, "params": {"epsilon": 32.53067280029197, "k": 2.9653097215761353, "temp": 0.985872105601036}, "datetime": {"datetime": "2025-03-23 15:54:35", "elapsed": 6733.646136, "delta": 1638.679661}}
,{"target": -0.34969645547642575, "params": {"epsilon": 32.55078393076113, "k": 2.87649329492651, "temp": 0.9571755332395419}, "datetime": {"datetime": "2025-03-23 16:22:51", "elapsed": 8429.39426, "delta": 1695.748124}}
,{"target": -0.34877369486088594, "params": {"epsilon": 50.97965601521974, "k": 1.3375603261189688, "temp": 0.07183614575608832}, "datetime": {"datetime": "2025-03-23 16:54:28", "elapsed": 10327.254253, "delta": 1897.859993}}
,{"target": -0.34987030476375863, "params": {"epsilon": 35.34410066322219, "k": 1.8134412948659244, "temp": 2.697664584927999}, "datetime": {"datetime": "2025-03-23 17:23:00", "elapsed": 12039.195053, "delta": 1711.9408}}
,{"target": -0.34974294399335565, "params": {"epsilon": 28.006729095861957, "k": 2.4649709646141265, "temp": 2.6749296986173277}, "datetime": {"datetime": "2025-03-23 17:48:26", "elapsed": 13565.023432, "delta": 1525.828379}}
,{"target": -0.3488210857704639, "params": {"epsilon": 74.69359185665347, "k": 2.2505458864095798, "temp": 1.8663472134474048}, "datetime": {"datetime": "2025-03-23 18:10:18", "elapsed": 14877.014452, "delta": 1311.99102}}
,{"target": -0.3480646377688399, "params": {"epsilon": 89.50199281072224, "k": 1.3455771472540308, "temp": 2.86795057959969}, "datetime": {"datetime": "2025-03-23 18:49:27", "elapsed": 17226.370635, "delta": 2349.356183}}
,{"target": -0.3491091385912388, "params": {"epsilon": 62.85089205967688, "k": 2.5232626283155533, "temp": 2.0639957488336647}, "datetime": {"datetime": "2025-03-23 19:23:20", "elapsed": 19258.757387, "delta": 2032.386752}}
]
