[
{"target": -0.6983530012236752, "params": {"epsilon": 69.532473421498, "k": 2.1811699721448923, "temp": 2.8708509237730673}, "datetime": {"datetime": "2025-03-23 13:34:31", "elapsed": 0.0, "delta": 0.0}}
,{"target": -0.6965963849675835, "params": {"epsilon": 94.56490787117922, "k": 1.0465612656751602, "temp": 1.1787665102755307}, "datetime": {"datetime": "2025-03-23 13:38:54", "elapsed": 0.0, "delta": 0.0}}
,{"target": -0.7059379289943559, "params": {"epsilon": 26.420507060631113, "k": 2.810922364086985, "temp": 1.3767149450101037}, "datetime": {"datetime": "2025-03-23 13:42:31", "elapsed": 479.637461, "delta": 479.637461}}
,{"target": -0.713473866209278, "params": {"epsilon": 11.626732465768516, "k": 1.8684275814865152, "temp": 2.219407545767047}, "datetime": {"datetime": "2025-03-23 13:47:34", "elapsed": 783.107626, "delta": 303.470165}}
,{"target": -0.7064934189051011, "params": {"epsilon": 48.35398351635664, "k": 1.5237857184834172, "temp": 1.3070603912060965}, "datetime": {"datetime": "2025-03-23 13:51:14", "elapsed": 739.515511, "delta": 739.515511}}
,{"target": -0.7110130192485554, "params": {"epsilon": 22.542641994899373, "k": 2.2249245023125956, "temp": 2.1083971494145963}, "datetime": {"datetime": "2025-03-23 13:58:20", "elapsed": 1166.102992, "delta": 426.587481}}
,{"target": -0.6985855254347074, "params": {"epsilon": 69.26600552122648, "k": 1.7273487049435594, "temp": 1.825128509629474}, "datetime": {"datetime": "2025-03-23 14:04:56", "elapsed": 1824.527676, "delta": 1041.42005}}
,{"target": -0.6917294866860755, "params": {"epsilon": 96.7828913786042, "k": 1.9328770791980583, "temp": 2.7566014848143485}, "datetime": {"datetime": "2025-03-23 14:15:15", "elapsed": 2181.186848, "delta": 1015.083856}}
,{"target": -0.6911983353558011, "params": {"epsilon": 97.85761425824556, "k": 2.978893584588662, "temp": 2.973694008408686}, "datetime": {"datetime": "2025-03-23 14:16:20", "elapsed": 2508.731474, "delta": 684.203798}}
,{"target": -0.69822860615055, "params": {"epsilon": 88.21411695320519, "k": 2.913547998877422, "temp": 0.015684597624299745}, "datetime": {"datetime": "2025-03-23 14:36:43", "elapsed": 3731.964832, "delta": 1223.233358}}
,{"target": -0.6964261928683092, "params": {"epsilon": 99.90742041354089, "k": 2.9629363047769326, "temp": 0.46152513488882807}, "datetime": {"datetime": "2025-03-23 14:37:41", "elapsed": 3527.046097, "delta": 1345.859249}}
,{"target": -0.7038102296491449, "params": {"epsilon": 50.11905737256657, "k": 2.7298325325548216, "temp": 2.964130010164455}, "datetime": {"datetime": "2025-03-23 14:49:44", "elapsed": 4512.823362, "delta": 780.85853}}
,{"target": -0.7064605208130965, "params": {"epsilon": 74.55221815053457, "k": 2.5029631988418686, "temp": 2.9648881714137603}, "datetime": {"datetime": "2025-03-23 14:55:16", "elapsed": 4581.750672, "delta": 1054.704575}}
,{"target": -0.7252688803476796, "params": {"epsilon": 1.05822337210761, "k": 1.1772453010786528, "temp": 0.5126317897523117}, "datetime": {"datetime": "2025-03-23 14:56:59", "elapsed": 4684.33385, "delta": 102.583178}}
,{"target": -0.6991958659018259, "params": {"epsilon": 61.477016366508224, "k": 2.981187849544731, "temp": 0.12488535786961807}, "datetime": {"datetime": "2025-03-23 15:07:45", "elapsed": 5330.682364, "delta": 646.348514}}
,{"target": -0.704350712500821, "params": {"epsilon": 99.95618779016041, "k": 1.1022997686785683, "temp": 0.23338895806575033}, "datetime": {"datetime": "2025-03-23 15:12:38", "elapsed": 5887.308232, "delta": 1374.48487}}
,{"target": -0.7052816859189357, "params": {"epsilon": 35.8114457091783, "k": 2.448696698022724, "temp": 0.04486797018172772}, "datetime": {"datetime": "2025-03-23 15:17:28", "elapsed": 5913.754618, "delta": 583.072254}}
,{"target": -0.6975983687087717, "params": {"epsilon": 95.27859148433646, "k": 2.9830563884681913, "temp": 2.8152523461946624}, "datetime": {"datetime": "2025-03-23 15:34:22", "elapsed": 7190.34714, "delta": 1303.038908}}
,{"target": -0.6945773067668666, "params": {"epsilon": 86.74842511283218, "k": 2.7372514797158694, "temp": 2.939115483536959}, "datetime": {"datetime": "2025-03-23 15:38:36", "elapsed": 7181.892932, "delta": 1268.138314}}
,{"target": -0.6915694258187542, "params": {"epsilon": 97.1925326174293, "k": 1.0095859719499458, "temp": 2.9289910051012242}, "datetime": {"datetime": "2025-03-23 15:47:59", "elapsed": 8008.272124, "delta": 817.924984}}
,{"target": -0.6985510360897828, "params": {"epsilon": 99.97094524631498, "k": 1.019109922700199, "temp": 2.8483703445917468}, "datetime": {"datetime": "2025-03-23 16:01:31", "elapsed": 8556.460975, "delta": 1374.568043}}
,{"target": -0.6987526657001425, "params": {"epsilon": 82.7611283641686, "k": 2.2466131426726044, "temp": 0.09103204581372892}, "datetime": {"datetime": "2025-03-23 16:05:38", "elapsed": 9067.29495, "delta": 1059.022826}}
,{"target": -0.6981335714615641, "params": {"epsilon": 82.14899489212583, "k": 1.0039916368570878, "temp": 0.06627597716504441}, "datetime": {"datetime": "2025-03-23 16:20:55", "elapsed": 9720.917072, "delta": 1164.456097}}
,{"target": -0.6991980763757804, "params": {"epsilon": 75.08973175986284, "k": 2.601263376884819, "temp": 1.9109443094709175}, "datetime": {"datetime": "2025-03-23 16:25:07", "elapsed": 10235.837511, "delta": 1168.542561}}
,{"target": -0.6970229758322679, "params": {"epsilon": 91.84371435908008, "k": 2.8579096308138316, "temp": 2.9403947643677792}, "datetime": {"datetime": "2025-03-23 16:34:16", "elapsed": 10522.222365, "delta": 801.305293}}
,{"target": -0.6918062490611705, "params": {"epsilon": 98.97512577935898, "k": 1.4102886938764714, "temp": 2.972574375598929}, "datetime": {"datetime": "2025-03-23 16:47:44", "elapsed": 11592.756779, "delta": 1356.919268}}
]
