[
{"target": -434212023.0, "params": {"epsilon": 88.46266962002711, "k": 1.5485309090638921, "temp": 1.9074881064836913}, "datetime": {"datetime": "2025-03-23 13:21:29", "elapsed": 0.0, "delta": 0.0}}
,{"target": -2411751.0, "params": {"epsilon": 7.556189061055094, "k": 1.5433739569803278, "temp": 1.6852063075687083}, "datetime": {"datetime": "2025-03-23 13:25:58", "elapsed": 268.295873, "delta": 268.295873}}
,{"target": -7670041.0, "params": {"epsilon": 27.889728996952286, "k": 1.937595280587458, "temp": 0.4959578430769206}, "datetime": {"datetime": "2025-03-23 13:30:27", "elapsed": 537.734714, "delta": 269.438841}}
,{"target": -19554727853.0, "params": {"epsilon": 47.030114535784776, "k": 2.863343835079748, "temp": 2.960810947996312}, "datetime": {"datetime": "2025-03-23 13:32:18", "elapsed": 649.045574, "delta": 111.31086}}
,{"target": -1193951.0, "params": {"epsilon": 8.570677161432556, "k": 1.2183962183988717, "temp": 0.40328578158762574}, "datetime": {"datetime": "2025-03-23 13:36:44", "elapsed": 914.322794, "delta": 265.27722}}
,{"target": -169847114.0, "params": {"epsilon": 99.99209998346961, "k": 2.9085749971661268, "temp": 1.2084830286861685}, "datetime": {"datetime": "2025-03-23 13:41:10", "elapsed": 1180.483989, "delta": 266.161195}}
,{"target": -111008345.0, "params": {"epsilon": 74.38408212945235, "k": 2.910917954036142, "temp": 0.11795023406472893}, "datetime": {"datetime": "2025-03-23 13:45:37", "elapsed": 1447.388343, "delta": 266.904354}}
,{"target": -15051102866.0, "params": {"epsilon": 18.23784389598867, "k": 2.3165277682519925, "temp": 2.9568756875950886}, "datetime": {"datetime": "2025-03-23 13:47:32", "elapsed": 1562.451532, "delta": 115.063189}}
,{"target": -41767949051.0, "params": {"epsilon": 80.96408153229345, "k": 1.0546184659059434, "temp": 2.9899428883967367}, "datetime": {"datetime": "2025-03-23 13:49:51", "elapsed": 1701.576781, "delta": 139.125249}}
,{"target": -156932983.0, "params": {"epsilon": 93.52948344352362, "k": 2.207754832886052, "temp": 1.3238368154284141}, "datetime": {"datetime": "2025-03-23 13:54:20", "elapsed": 1970.873209, "delta": 269.296428}}
,{"target": -113505587.0, "params": {"epsilon": 69.53782621771215, "k": 2.502128684105047, "temp": 0.15916778218891647}, "datetime": {"datetime": "2025-03-23 13:59:10", "elapsed": 2260.346206, "delta": 289.472997}}
,{"target": -28271623744.0, "params": {"epsilon": 33.14448027334377, "k": 1.0216007802592746, "temp": 2.872646565391943}, "datetime": {"datetime": "2025-03-23 14:01:39", "elapsed": 2410.033432, "delta": 149.687226}}
,{"target": -473762.0, "params": {"epsilon": 3.1032768912177646, "k": 1.2320954233573134, "temp": 0.09672640967018442}, "datetime": {"datetime": "2025-03-23 14:06:09", "elapsed": 2679.460415, "delta": 269.426983}}
]
