[
{"target": -1931.0, "params": {"epsilon": 68.9074933676571, "k": 1.4775381757295496, "temp": 2.4470482068004844}, "datetime": {"datetime": "2025-03-23 13:36:24", "elapsed": 0.0, "delta": 0.0}}
,{"target": -1899.0, "params": {"epsilon": 95.62529336857985, "k": 2.1872661938824214, "temp": 2.8978215173602946}, "datetime": {"datetime": "2025-03-23 13:47:30", "elapsed": 665.365322, "delta": 665.365322}}
,{"target": -1923.0, "params": {"epsilon": 74.10785259681123, "k": 1.6972039061006559, "temp": 2.1786611480975777}, "datetime": {"datetime": "2025-03-23 14:02:03", "elapsed": 1538.852935, "delta": 873.487613}}
,{"target": -2187.0, "params": {"epsilon": 1.0095085099092216, "k": 2.295065078567797, "temp": 2.276278564180989}, "datetime": {"datetime": "2025-03-23 14:05:38", "elapsed": 1753.495787, "delta": 214.642852}}
,{"target": -2148.0, "params": {"epsilon": 100.0, "k": 3.0, "temp": 0.0}, "datetime": {"datetime": "2025-03-23 14:15:33", "elapsed": 2348.309063, "delta": 594.813276}}
,{"target": -1909.0, "params": {"epsilon": 97.38548851386396, "k": 2.757269791910689, "temp": 2.9782306616163003}, "datetime": {"datetime": "2025-03-23 14:40:23", "elapsed": 3838.89865, "delta": 1490.589587}}
,{"target": -1918.0, "params": {"epsilon": 90.58750050164832, "k": 2.9584102426263694, "temp": 2.880225157511391}, "datetime": {"datetime": "2025-03-23 15:03:25", "elapsed": 5220.48358, "delta": 1381.58493}}
,{"target": -1962.0, "params": {"epsilon": 85.42509361926442, "k": 1.5156241805068371, "temp": 2.550184593401385}, "datetime": {"datetime": "2025-03-23 15:24:40", "elapsed": 6495.887785, "delta": 1275.404205}}
,{"target": -2018.0, "params": {"epsilon": 78.61517622676006, "k": 2.750322433515924, "temp": 0.15377124025205124}, "datetime": {"datetime": "2025-03-23 15:35:28", "elapsed": 7143.63008, "delta": 647.742295}}
,{"target": -2032.0, "params": {"epsilon": 92.69696657771067, "k": 1.0427560562038758, "temp": 0.20782714330863583}, "datetime": {"datetime": "2025-03-23 15:58:26", "elapsed": 8521.512065, "delta": 1377.881985}}
,{"target": -1985.0, "params": {"epsilon": 71.47065272824892, "k": 2.112280758317226, "temp": 0.4407289924485607}, "datetime": {"datetime": "2025-03-23 16:16:47", "elapsed": 9622.43363, "delta": 1100.921565}}
,{"target": -1905.0, "params": {"epsilon": 88.24485887746474, "k": 2.9972902171076643, "temp": 1.1826398605530457}, "datetime": {"datetime": "2025-03-23 16:27:43", "elapsed": 10278.255777, "delta": 655.822147}}
,{"target": -2014.0, "params": {"epsilon": 64.6880958600816, "k": 1.3429073342662567, "temp": 2.919054386698532}, "datetime": {"datetime": "2025-03-23 16:44:54", "elapsed": 11309.953803, "delta": 1031.698026}}
]
