[
{"target": -228134857474.0, "params": {"epsilon": 20.205361241487648, "k": 1.614481914322197, "temp": 2.7143071237931466}, "datetime": {"datetime": "2025-03-23 13:34:30", "elapsed": 0.0, "delta": 0.0}}
,{"target": -167052854438.0, "params": {"epsilon": 13.378212749649178, "k": 1.5359899657083809, "temp": 2.013611470656592}, "datetime": {"datetime": "2025-03-23 13:52:40", "elapsed": 1089.881652, "delta": 1089.881652}}
,{"target": -148559188539.0, "params": {"epsilon": 22.704803830346123, "k": 1.248676757799915, "temp": 1.593088605856048}, "datetime": {"datetime": "2025-03-23 14:12:26", "elapsed": 2275.109497, "delta": 1172.867163}}
,{"target": -267287477743.0, "params": {"epsilon": 74.29070508493943, "k": 1.0381611963673758, "temp": 1.7095939089064545}, "datetime": {"datetime": "2025-03-23 14:34:26", "elapsed": 3595.049812, "delta": 1319.940315}}
,{"target": -66529550650.0, "params": {"epsilon": 73.15166178258646, "k": 2.360838173223293, "temp": 1.6846469345842632}, "datetime": {"datetime": "2025-03-23 15:12:22", "elapsed": 5871.024678, "delta": 2275.974866}}
]
