[
{"target": -2833938.0, "params": {"epsilon": 84.93863477686894, "k": 1.3503956336938174, "temp": 2.3382225864524546}, "datetime": {"datetime": "2025-03-23 13:45:17", "elapsed": 0.0, "delta": 0.0}}
,{"target": -2802595.0, "params": {"epsilon": 61.46040625510367, "k": 1.2498164375366776, "temp": 2.233613545565997}, "datetime": {"datetime": "2025-03-23 14:11:04", "elapsed": 1546.982671, "delta": 1546.982671}}
,{"target": -3361812.0, "params": {"epsilon": 65.9253965484477, "k": 1.6868268848819192, "temp": 0.47376201196962375}, "datetime": {"datetime": "2025-03-23 14:22:26", "elapsed": 2229.140711, "delta": 682.15804}}
,{"target": -2868687.0, "params": {"epsilon": 61.436717796806406, "k": 1.177940243065545, "temp": 2.2155089816991427}, "datetime": {"datetime": "2025-03-23 14:48:01", "elapsed": 3763.56459, "delta": 1534.423879}}
,{"target": -2849137.0, "params": {"epsilon": 61.64674131825877, "k": 1.6556222964788243, "temp": 2.0941952593546023}, "datetime": {"datetime": "2025-03-23 15:02:51", "elapsed": 4654.07233, "delta": 890.50774}}
,{"target": -3189088.0, "params": {"epsilon": 85.88820437009946, "k": 2.6259555390684275, "temp": 0.9228691982701752}, "datetime": {"datetime": "2025-03-23 15:15:11", "elapsed": 5394.166174, "delta": 740.093844}}
,{"target": -2761968.0, "params": {"epsilon": 61.57966214585528, "k": 1.539283502644572, "temp": 2.700610273369836}, "datetime": {"datetime": "2025-03-23 15:35:03", "elapsed": 6586.468986, "delta": 1192.302812}}
,{"target": -2880931.0, "params": {"epsilon": 28.427721520158595, "k": 2.1404435523094234, "temp": 2.9780175360617913}, "datetime": {"datetime": "2025-03-23 15:50:13", "elapsed": 7496.489902, "delta": 910.020916}}
,{"target": -2723003.0, "params": {"epsilon": 62.17917552556786, "k": 1.4376819578554092, "temp": 2.448742867280907}, "datetime": {"datetime": "2025-03-23 16:02:25", "elapsed": 8228.02274, "delta": 731.532838}}
,{"target": -2782537.0, "params": {"epsilon": 26.288637740649623, "k": 1.5736181084318484, "temp": 2.006396085346065}, "datetime": {"datetime": "2025-03-23 16:20:28", "elapsed": 9310.90849, "delta": 1082.88575}}
,{"target": -3786936.8140502814, "params": {"epsilon": 61.14210300291203, "k": 2.4354933007407262, "temp": 0.4000668168801177}, "datetime": {"datetime": "2025-03-23 16:30:43", "elapsed": 9925.903195, "delta": 614.994705}}
,{"target": -2869602.0, "params": {"epsilon": 27.248834050053425, "k": 1.543628524483595, "temp": 2.391790748253985}, "datetime": {"datetime": "2025-03-23 16:49:14", "elapsed": 11036.529309, "delta": 1110.626114}}
,{"target": -2834324.0, "params": {"epsilon": 26.473867717125295, "k": 2.492004519139203, "temp": 2.4695117397251303}, "datetime": {"datetime": "2025-03-23 17:07:34", "elapsed": 12136.584664, "delta": 1100.055355}}
]
