[
{"target": -70008486943.0, "params": {"epsilon": 87.41894589439801, "k": 1.5519655192257134, "temp": 2.2908408035059544}, "datetime": {"datetime": "2025-03-25 23:59:59", "elapsed": 0.0, "delta": 0.0}}
,{"target": -26669019255.0, "params": {"epsilon": 95.79932229027608, "k": 2.5551739547277794, "temp": 2.042425789150717}, "datetime": {"datetime": "2025-03-26 00:05:30", "elapsed": 330.995404, "delta": 330.995404}}
,{"target": -2196185630.0, "params": {"epsilon": 98.6492776084748, "k": 2.8711893895863505, "temp": 0.7912348328508255}, "datetime": {"datetime": "2025-03-26 00:19:03", "elapsed": 1144.311838, "delta": 813.316434}}
,{"target": -4721105.0, "params": {"epsilon": 1.1443026578370266, "k": 1.9548562439896033, "temp": 0.029239421216542216}, "datetime": {"datetime": "2025-03-26 00:33:09", "elapsed": 1989.937701, "delta": 845.625863}}
,{"target": -318057719.0, "params": {"epsilon": 9.0639841881935, "k": 1.8048508799740905, "temp": 0.8167107539175368}, "datetime": {"datetime": "2025-03-26 00:46:54", "elapsed": 2815.050503, "delta": 825.112802}}
,{"target": -76830458669.0, "params": {"epsilon": 92.40311802994012, "k": 1.8228931051518453, "temp": 2.4768794198568482}, "datetime": {"datetime": "2025-03-26 00:52:44", "elapsed": 3165.224673, "delta": 350.17417}}
,{"target": -42274037783.0, "params": {"epsilon": 16.600091214765683, "k": 2.8957803714921364, "temp": 2.9213705101445635}, "datetime": {"datetime": "2025-03-26 00:58:16", "elapsed": 3497.198219, "delta": 331.973546}}
,{"target": -30800454337.0, "params": {"epsilon": 4.884793357184438, "k": 1.0570327872857948, "temp": 2.942316957403389}, "datetime": {"datetime": "2025-03-26 01:05:07", "elapsed": 3907.956084, "delta": 410.757865}}
,{"target": -105849007692.0, "params": {"epsilon": 99.85510822603509, "k": 1.4690788307462126, "temp": 2.9342034853931516}, "datetime": {"datetime": "2025-03-26 01:11:10", "elapsed": 4271.225692, "delta": 363.269608}}
,{"target": -79579216.0, "params": {"epsilon": 4.379505581149839, "k": 2.4450509456735574, "temp": 0.9886287472546478}, "datetime": {"datetime": "2025-03-26 01:25:03", "elapsed": 5103.765927, "delta": 832.540235}}
,{"target": -75862008812.0, "params": {"epsilon": 91.02699175472364, "k": 1.1720174231021614, "temp": 2.153927482681552}, "datetime": {"datetime": "2025-03-26 01:31:25", "elapsed": 5486.265602, "delta": 382.499675}}
,{"target": -253014902.0, "params": {"epsilon": 6.747783761821986, "k": 2.9208088994369508, "temp": 0.5096639955346037}, "datetime": {"datetime": "2025-03-26 01:45:30", "elapsed": 6331.214566, "delta": 844.948964}}
,{"target": -19578907591.0, "params": {"epsilon": 1.132202174883369, "k": 2.869717071960986, "temp": 2.739691851658695}, "datetime": {"datetime": "2025-03-26 01:50:57", "elapsed": 6658.299969, "delta": 327.085403}}
]
