[
{"target": -0.3176493586775749, "params": {"epsilon": 64.6528746919727, "k": 1.7750566997857926, "temp": 1.4371153754210386}, "datetime": {"datetime": "2025-03-23 13:34:06", "elapsed": 0.0, "delta": 0.0}}
,{"target": -0.3180236317833087, "params": {"epsilon": 72.53703756744696, "k": 2.884906269733494, "temp": 1.185767903521708}, "datetime": {"datetime": "2025-03-23 13:52:30", "elapsed": 1103.915659, "delta": 1103.915659}}
,{"target": -0.31738133881789377, "params": {"epsilon": 90.54657211675423, "k": 2.14952380891276, "temp": 0.39776050356587256}, "datetime": {"datetime": "2025-03-23 14:13:17", "elapsed": 2351.516224, "delta": 1247.600565}}
,{"target": -0.31777039898117, "params": {"epsilon": 64.43997065845694, "k": 2.2735690470970216, "temp": 1.0322284238181516}, "datetime": {"datetime": "2025-03-23 14:29:43", "elapsed": 3337.609778, "delta": 986.093554}}
,{"target": -0.3172214367076757, "params": {"epsilon": 90.69424764050021, "k": 2.7413048147352828, "temp": 1.8665503356814317}, "datetime": {"datetime": "2025-03-23 14:49:07", "elapsed": 4501.282297, "delta": 1163.672519}}
]
