[
{"target": -365734.0, "params": {"epsilon": 25.039293430053384, "k": 1.3580517580773117, "temp": 2.7097803272980947}, "datetime": {"datetime": "2025-03-23 13:22:39", "elapsed": 0.0, "delta": 0.0}}
,{"target": -436079.0, "params": {"epsilon": 43.762086672143205, "k": 2.4720811744580855, "temp": 2.806754041010627}, "datetime": {"datetime": "2025-03-23 13:34:17", "elapsed": 698.442903, "delta": 698.442903}}
,{"target": -373849.0, "params": {"epsilon": 7.923863516162742, "k": 1.8965817998419465, "temp": 1.4802908797379444}, "datetime": {"datetime": "2025-03-23 13:36:32", "elapsed": 833.287529, "delta": 134.844626}}
,{"target": -348026.0, "params": {"epsilon": 24.935501482614313, "k": 2.5563013407513546, "temp": 1.9216728419181714}, "datetime": {"datetime": "2025-03-23 13:40:04", "elapsed": 1045.156957, "delta": 211.869428}}
,{"target": -443374.0, "params": {"epsilon": 21.67848497681711, "k": 2.815867860915386, "temp": 0.18369385448999453}, "datetime": {"datetime": "2025-03-23 13:43:08", "elapsed": 1229.074098, "delta": 183.917141}}
,{"target": -367549.0, "params": {"epsilon": 26.656887618397242, "k": 2.8215660362504735, "temp": 1.7495568986162255}, "datetime": {"datetime": "2025-03-23 13:51:47", "elapsed": 1748.689708, "delta": 519.61561}}
,{"target": -401574.0, "params": {"epsilon": 25.4733991497144, "k": 1.2225058363378614, "temp": 0.05573028090508825}, "datetime": {"datetime": "2025-03-23 13:55:50", "elapsed": 1991.631681, "delta": 242.941973}}
,{"target": -356051.0, "params": {"epsilon": 23.719772908567887, "k": 2.9003703825316407, "temp": 2.9076976622812376}, "datetime": {"datetime": "2025-03-23 14:02:08", "elapsed": 2369.141145, "delta": 377.509464}}
,{"target": -390443.0, "params": {"epsilon": 3.9455993373539506, "k": 2.1021242874475528, "temp": 2.0175337331567023}, "datetime": {"datetime": "2025-03-23 14:05:41", "elapsed": 2582.130697, "delta": 212.989552}}
,{"target": -427377.0, "params": {"epsilon": 11.208159155261171, "k": 1.3491316966972517, "temp": 0.08036610131486255}, "datetime": {"datetime": "2025-03-23 14:08:21", "elapsed": 2742.767719, "delta": 160.637022}}
,{"target": -341490.0, "params": {"epsilon": 25.697458488849644, "k": 2.873395671686559, "temp": 2.968116021912894}, "datetime": {"datetime": "2025-03-23 14:16:44", "elapsed": 3245.654143, "delta": 502.886424}}
,{"target": -283536.0, "params": {"epsilon": 98.94865802281782, "k": 2.9091969196168, "temp": 2.2989394453859116}, "datetime": {"datetime": "2025-03-23 14:40:07", "elapsed": 4648.649912, "delta": 1402.995769}}
,{"target": -282948.0, "params": {"epsilon": 96.59280580437172, "k": 2.891352734860714, "temp": 2.626059581269212}, "datetime": {"datetime": "2025-03-23 14:55:15", "elapsed": 5556.371934, "delta": 907.722022}}
]
