[
{"target": -27200017112.596832, "params": {"epsilon": 20.23733085068705, "k": 2.0834201759246573, "temp": 2.9723833225155887}, "datetime": {"datetime": "2025-03-23 13:22:44", "elapsed": 0.0, "delta": 0.0}}
,{"target": -44.37638486274871, "params": {"epsilon": 69.98009141640134, "k": 2.9317166486698616, "temp": 2.2997681383870523}, "datetime": {"datetime": "2025-03-23 13:23:00", "elapsed": 0.0, "delta": 0.0}}
,{"target": -13600008572.208567, "params": {"epsilon": 34.25927633893706, "k": 1.4573106002809741, "temp": 1.2769881302360413}, "datetime": {"datetime": "2025-03-23 13:28:43", "elapsed": 358.460502, "delta": 358.460502}}
,{"target": -13600008568.409279, "params": {"epsilon": 61.845080925016234, "k": 2.618526096540508, "temp": 0.9510423991652885}, "datetime": {"datetime": "2025-03-23 13:28:50", "elapsed": 350.439994, "delta": 350.439994}}
,{"target": -27200017110.147873, "params": {"epsilon": 99.41378837498829, "k": 1.8523141850616938, "temp": 2.5211949306807977}, "datetime": {"datetime": "2025-03-23 13:34:21", "elapsed": 697.135691, "delta": 338.675189}}
,{"target": -34000021375.341885, "params": {"epsilon": 13.534396671918746, "k": 1.278869250770831, "temp": 2.4224860097264855}, "datetime": {"datetime": "2025-03-23 13:34:27", "elapsed": 686.753059, "delta": 336.313065}}
,{"target": -34000021365.696274, "params": {"epsilon": 66.85779848188407, "k": 2.423741881537686, "temp": 0.4228737900759266}, "datetime": {"datetime": "2025-03-23 13:40:18", "elapsed": 1053.405342, "delta": 356.269651}}
,{"target": -6800004312.536168, "params": {"epsilon": 78.5162096026317, "k": 2.713990617249257, "temp": 2.8536404477096973}, "datetime": {"datetime": "2025-03-23 13:40:21", "elapsed": 1040.871241, "delta": 354.118182}}
,{"target": -6800004306.558315, "params": {"epsilon": 11.244863241130844, "k": 1.8492174600381, "temp": 0.4476470391339167}, "datetime": {"datetime": "2025-03-23 13:46:14", "elapsed": 1410.037583, "delta": 356.632241}}
,{"target": -20400012837.020134, "params": {"epsilon": 70.11006892638322, "k": 2.724502736035375, "temp": 1.0542130714497149}, "datetime": {"datetime": "2025-03-23 13:46:16", "elapsed": 1396.405457, "delta": 355.534216}}
,{"target": -13600008574.295969, "params": {"epsilon": 26.62235243290764, "k": 1.2406481994996104, "temp": 2.9631710240603697}, "datetime": {"datetime": "2025-03-23 13:52:10", "elapsed": 1750.385319, "delta": 353.979862}}
,{"target": -20400012837.595737, "params": {"epsilon": 11.274370713875216, "k": 1.8550785262292762, "temp": 0.5109073123474672}, "datetime": {"datetime": "2025-03-23 13:52:15", "elapsed": 1770.690002, "delta": 360.652419}}
,{"target": -13600008579.153267, "params": {"epsilon": 88.85960166370732, "k": 1.822262584774809, "temp": 2.9978682427024097}, "datetime": {"datetime": "2025-03-23 13:57:29", "elapsed": 2068.823001, "delta": 318.437682}}
,{"target": -42.71147679254802, "params": {"epsilon": 34.286762877796, "k": 1.5631818721467423, "temp": 1.1797809957790237}, "datetime": {"datetime": "2025-03-23 13:58:10", "elapsed": 2125.454994, "delta": 354.764992}}
,{"target": -6800004308.379314, "params": {"epsilon": 56.13761819555213, "k": 2.253412721896511, "temp": 2.204338054048014}, "datetime": {"datetime": "2025-03-23 14:02:45", "elapsed": 2400.962161, "delta": 275.507167}}
,{"target": -13600008573.200836, "params": {"epsilon": 67.60076274747753, "k": 2.2769899020159547, "temp": 0.014915855127913935}, "datetime": {"datetime": "2025-03-23 14:03:23", "elapsed": 2422.887215, "delta": 354.064214}}
,{"target": -6800004307.605547, "params": {"epsilon": 78.432955319297, "k": 2.808677816992894, "temp": 2.994175421061438}, "datetime": {"datetime": "2025-03-23 14:09:15", "elapsed": 2774.858175, "delta": 351.97096}}
,{"target": -6800004311.151892, "params": {"epsilon": 69.70977564073128, "k": 2.860017327076643, "temp": 2.9221762757511422}, "datetime": {"datetime": "2025-03-23 14:15:07", "elapsed": 3126.460756, "delta": 351.602581}}
,{"target": -27200017099.346077, "params": {"epsilon": 70.755273499733, "k": 2.681229863909667, "temp": 2.392239641440351}, "datetime": {"datetime": "2025-03-23 14:19:30", "elapsed": 3390.13932, "delta": 263.678564}}
,{"target": -6800004310.334234, "params": {"epsilon": 36.96155419572313, "k": 1.6384325349027167, "temp": 2.159680161048655}, "datetime": {"datetime": "2025-03-23 14:25:22", "elapsed": 3742.008868, "delta": 351.869548}}
,{"target": -27200017103.309967, "params": {"epsilon": 52.674039977898765, "k": 1.618593888263759, "temp": 1.6132174243861488}, "datetime": {"datetime": "2025-03-23 14:31:06", "elapsed": 4085.760551, "delta": 343.751683}}
]
